--- Startup times for process: Primary (or UI client) ---

times in msec
 clock   self+sourced   self:  sourced script
 clock   elapsed:              other lines

000.002  000.002: --- NVIM STARTING ---
000.172  000.170: event init
000.299  000.128: early init
000.457  000.158: locale set
000.521  000.064: init first window
000.860  000.339: inits 1
000.871  000.011: window checked
000.874  000.002: parsing arguments
001.346  000.030  000.030: require('vim.shared')
001.417  000.032  000.032: require('vim.inspect')
001.462  000.038  000.038: require('vim._options')
001.465  000.117  000.047: require('vim._editor')
001.466  000.171  000.024: require('vim._init_packages')
001.468  000.424: init lua interpreter
003.456  001.988: nvim_ui_attach
003.672  000.215: nvim_set_client_info
003.673  000.001: --- NVIM STARTED ---

--- Startup times for process: Embedded ---

times in msec
 clock   self+sourced   self:  sourced script
 clock   elapsed:              other lines

000.001  000.001: --- NVIM STARTING ---
000.097  000.095: event init
000.160  000.063: early init
000.271  000.112: locale set
000.289  000.018: init first window
000.569  000.279: inits 1
000.576  000.008: window checked
000.578  000.001: parsing arguments
000.952  000.030  000.030: require('vim.shared')
001.016  000.026  000.026: require('vim.inspect')
001.049  000.027  000.027: require('vim._options')
001.052  000.095  000.042: require('vim._editor')
001.053  000.148  000.022: require('vim._init_packages')
001.055  000.330: init lua interpreter
001.104  000.050: expanding arguments
001.120  000.016: inits 2
001.323  000.203: init highlight
001.324  000.001: waiting for UI
001.486  000.162: done waiting for UI
001.490  000.005: clear screen
001.590  000.009  000.009: require('vim.keymap')
002.133  000.071  000.071: sourcing nvim_exec2()
002.516  000.323  000.323: require('vim.termcap')
002.551  000.021  000.021: require('vim.text')
002.624  001.130  000.707: require('vim._defaults')
002.625  000.004: init default mappings & autocommands
002.698  000.057  000.057: sourcing /home/linuxbrew/.linuxbrew/Cellar/neovim/0.11.1/share/nvim/runtime/ftplugin.vim
002.729  000.015  000.015: sourcing /home/linuxbrew/.linuxbrew/Cellar/neovim/0.11.1/share/nvim/runtime/indent.vim
002.913  000.023  000.023: require('vim.fs')
002.981  000.066  000.066: require('vim.uri')
002.993  000.180  000.091: require('vim.loader')
003.280  000.233  000.233: require('lazy')
003.297  000.010  000.010: require('ffi')
003.360  000.059  000.059: require('lazy.stats')
003.427  000.053  000.053: require('lazy.core.util')
003.508  000.079  000.079: require('lazy.core.config')
003.773  000.038  000.038: require('lazy.core.handler')
004.007  000.051  000.051: require('lazy.pkg')
004.010  000.176  000.125: require('lazy.core.meta')
004.016  000.242  000.066: require('lazy.core.plugin')
004.021  000.512  000.232: require('lazy.core.loader')
004.185  000.061  000.061: require('lazy.core.fragments')
006.362  000.078  000.078: require('lazy.core.handler.event')
006.366  000.112  000.034: require('lazy.core.handler.ft')
006.405  000.037  000.037: require('lazy.core.handler.keys')
006.441  000.035  000.035: require('lazy.core.handler.cmd')
006.953  000.114  000.114: sourcing nvim_exec2() called at /home/linuxbrew/.linuxbrew/Cellar/neovim/0.11.1/share/nvim/runtime/filetype.lua:0
006.956  000.175  000.061: sourcing /home/linuxbrew/.linuxbrew/Cellar/neovim/0.11.1/share/nvim/runtime/filetype.lua
006.958  000.192  000.017: sourcing nvim_exec2() called at /home/josh/.config/nvim/init.lua:0
007.069  000.002  000.002: sourcing nvim_exec2() called at /home/josh/.config/nvim/init.lua:0
007.074  000.001  000.001: sourcing nvim_exec2() called at /home/josh/.config/nvim/init.lua:0
007.181  000.001  000.001: sourcing nvim_exec2() called at /home/josh/.config/nvim/init.lua:0
007.185  000.000  000.000: sourcing nvim_exec2() called at /home/josh/.config/nvim/init.lua:0
007.425  000.016  000.016: require('mason-core.path')
007.533  000.022  000.022: require('mason-core.functional.data')
007.597  000.063  000.063: require('mason-core.functional.function')
007.650  000.049  000.049: require('mason-core.functional.list')
007.682  000.027  000.027: require('mason-core.functional.relation')
007.747  000.064  000.064: require('mason-core.functional.logic')
007.798  000.047  000.047: require('mason-core.functional.number')
007.865  000.063  000.063: require('mason-core.functional.string')
007.922  000.055  000.055: require('mason-core.functional.table')
007.981  000.056  000.056: require('mason-core.functional.type')
007.983  000.515  000.069: require('mason-core.functional')
008.013  000.586  000.071: require('mason-core.platform')
008.139  000.125  000.125: require('mason.settings')
008.150  000.773  000.046: require('mason-core.installer.InstallLocation')
008.394  000.135  000.135: require('mason-core.log')
008.399  000.206  000.071: require('mason-core.EventEmitter')
008.503  000.103  000.103: require('mason-registry.sources')
008.507  000.356  000.047: require('mason-registry')
008.508  001.315  000.186: require('mason')
008.601  000.041  000.041: require('mason.api.command')
008.874  000.083  000.083: require('vim.lsp.log')
009.142  000.266  000.266: require('vim.lsp.protocol')
009.283  000.139  000.139: require('vim.lsp.util')
009.341  000.021  000.021: require('vim.lsp.sync')
009.344  000.059  000.038: require('vim.lsp._changetracking')
009.410  000.030  000.030: require('vim.lsp._transport')
009.436  000.091  000.061: require('vim.lsp.rpc')
009.475  000.799  000.160: require('vim.lsp')
009.743  000.268  000.268: require('lspconfig.util')
009.813  000.063  000.063: require('vim.version')
011.318  002.668  001.539: sourcing /home/josh/.local/share/nvim/lazy/nvim-lspconfig/plugin/lspconfig.lua
011.326  002.692  000.024: sourcing nvim_exec2() called at /home/josh/.config/nvim/init.lua:0
011.335  000.003  000.003: sourcing nvim_exec2() called at /home/josh/.config/nvim/init.lua:0
011.355  000.001  000.001: sourcing nvim_exec2() called at /home/josh/.config/nvim/init.lua:0
011.573  000.049  000.049: require('lspconfig.async')
011.575  000.135  000.085: require('lspconfig.configs')
011.644  000.285  000.151: require('lspconfig')
011.816  000.113  000.113: require('vim.iter')
011.851  000.205  000.091: require('lspconfig.configs.lua_ls')
012.041  000.086  000.086: require('lspconfig.manager')
012.157  000.112  000.112: require('lspconfig.configs.rust_analyzer')
012.311  000.081  000.081: require('lspconfig.configs.ts_ls')
012.414  000.004  000.004: sourcing nvim_exec2() called at /home/josh/.config/nvim/init.lua:0
012.421  000.001  000.001: sourcing nvim_exec2() called at /home/josh/.config/nvim/init.lua:0
012.499  000.030  000.030: require('mason-lspconfig.settings')
012.502  000.078  000.048: require('mason-lspconfig')
012.606  000.071  000.071: require('mason-core.async')
012.710  000.045  000.045: require('mason-core.async.control')
012.922  000.210  000.210: require('mason-core.result')
013.170  000.101  000.101: require('mason-core.async.uv')
013.188  000.264  000.162: require('mason-core.fs')
013.238  000.630  000.111: require('mason-registry.installer')
013.430  000.044  000.044: require('mason-core.optional')
013.811  000.329  000.329: require('mason-core.process')
013.857  000.043  000.043: require('mason-core.spawn')
013.860  000.396  000.024: require('mason-core.installer.managers.powershell')
013.883  000.022  000.022: require('mason.version')
013.885  000.454  000.035: require('mason-core.fetch')
013.904  000.019  000.019: require('mason-core.providers')
014.055  000.054  000.054: require('mason-core.purl')
014.060  000.111  000.056: require('mason-core.package.AbstractPackage')
014.317  000.081  000.081: require('mason-core.installer.compiler.expr')
014.322  000.196  000.115: require('mason-core.installer.compiler.link')
014.602  000.024  000.024: require('mason-core.installer.context.InstallContextCwd')
014.635  000.032  000.032: require('mason-core.installer.context.InstallContextFs')
014.653  000.017  000.017: require('mason-core.installer.context.InstallContextSpawn')
014.676  000.022  000.022: require('mason-core.receipt')
014.687  000.295  000.200: require('mason-core.installer.context')
014.688  000.312  000.017: require('mason-core.installer')
014.695  000.346  000.034: require('mason-core.installer.managers.std')
014.696  000.374  000.027: require('mason-core.installer.compiler.schemas')
014.716  000.019  000.019: require('mason-core.installer.compiler.util')
014.721  000.632  000.043: require('mason-core.installer.compiler')
014.744  000.023  000.023: require('mason-core.installer.linker')
014.746  000.685  000.030: require('mason-core.installer.InstallRunner')
014.766  000.019  000.019: require('mason-core.installer.UninstallRunner')
014.769  000.844  000.029: require('mason-core.package')
014.771  000.866  000.022: require('mason-registry.sources.util')
014.775  001.451  000.069: require('mason-registry.sources.github')
017.414  000.006  000.006: require('vim.F')
017.513  000.020  000.020: require('mason-lspconfig.mappings')
017.515  000.066  000.045: require('mason-lspconfig.features.automatic_enable')
044.502  000.089  000.089: require('mason-lspconfig.lsp.java_language_server')
064.632  000.140  000.140: require('mason-lspconfig.lsp.pylsp')
066.358  000.062  000.062: require('mason-lspconfig.notify')
066.375  000.146  000.084: require('mason-lspconfig.api.command')
066.569  000.007  000.007: sourcing nvim_exec2() called at /home/josh/.config/nvim/init.lua:0
066.574  000.001  000.001: sourcing nvim_exec2() called at /home/josh/.config/nvim/init.lua:0
067.000  000.146  000.146: require('dap.utils')
067.058  000.316  000.170: require('dap')
067.064  000.489  000.173: require('nvim-dap-virtual-text')
067.147  000.011  000.011: sourcing nvim_exec2() called at /home/josh/.config/nvim/init.lua:0
067.160  000.010  000.010: sourcing nvim_exec2() called at /home/josh/.config/nvim/init.lua:0
067.303  000.098  000.098: sourcing /home/josh/.local/share/nvim/lazy/nvim-dap/plugin/dap.lua
067.307  000.116  000.018: sourcing nvim_exec2() called at /home/josh/.config/nvim/init.lua:0
067.312  000.002  000.002: sourcing nvim_exec2() called at /home/josh/.config/nvim/init.lua:0
067.320  000.001  000.001: sourcing nvim_exec2() called at /home/josh/.config/nvim/init.lua:0
067.374  000.001  000.001: sourcing nvim_exec2() called at /home/josh/.config/nvim/init.lua:0
067.380  000.001  000.001: sourcing nvim_exec2() called at /home/josh/.config/nvim/init.lua:0
067.387  000.001  000.001: sourcing nvim_exec2() called at /home/josh/.config/nvim/init.lua:0
067.393  000.000  000.000: sourcing nvim_exec2() called at /home/josh/.config/nvim/init.lua:0
067.672  000.063  000.063: require('nio.tasks')
067.709  000.035  000.035: require('nio.control')
067.828  000.118  000.118: require('nio.uv')
067.889  000.060  000.060: require('nio.tests')
068.059  000.116  000.116: require('vim.ui')
068.071  000.181  000.065: require('nio.ui')
068.216  000.090  000.090: require('nio.streams')
068.217  000.145  000.055: require('nio.file')
068.470  000.115  000.115: require('nio.util')
068.559  000.283  000.167: require('nio.logger')
068.579  000.362  000.079: require('nio.lsp')
068.737  000.157  000.157: require('nio.process')
068.780  001.326  000.205: require('nio')
069.883  000.010  000.010: sourcing nvim_exec2() called at /home/josh/.config/nvim/init.lua:0
069.888  000.079  000.070: require('dapui.config.highlights')
069.914  000.022  000.022: sourcing nvim_exec2() called at /home/josh/.config/nvim/init.lua:0
069.941  000.747  000.646: require('dapui.config')
069.949  000.994  000.247: require('dapui.util')
070.010  000.061  000.061: require('dapui.windows.layout')
070.012  001.231  000.177: require('dapui.windows')
070.035  000.022  000.022: require('dapui.controls')
070.038  002.643  000.063: require('dapui')
070.131  000.015  000.015: sourcing nvim_exec2() called at /home/josh/.config/nvim/init.lua:0
070.239  000.030  000.030: require('dapui.client.types')
070.241  000.066  000.037: require('dapui.client')
070.286  000.044  000.044: require('dap.breakpoints')
070.309  000.016  000.016: require('dapui.client.lib')
070.375  000.045  000.045: require('dapui.render.canvas')
070.377  000.064  000.019: require('dapui.elements.breakpoints')
070.409  000.023  000.023: require('dapui.components.breakpoints')
070.437  000.017  000.017: require('dapui.elements.repl')
070.464  000.024  000.024: require('dapui.elements.scopes')
070.491  000.019  000.019: require('dapui.components.scopes')
070.531  000.039  000.039: require('dapui.components.variables')
070.563  000.022  000.022: require('dapui.elements.stacks')
070.610  000.018  000.018: require('dapui.components.frames')
070.611  000.037  000.019: require('dapui.components.threads')
070.639  000.018  000.018: require('dapui.elements.watches')
070.676  000.031  000.031: require('dapui.components.watches')
070.694  000.014  000.014: require('dapui.elements.hover')
070.727  000.017  000.017: require('dapui.components.hover')
070.750  000.021  000.021: require('dapui.elements.console')
070.952  000.022  000.022: sourcing /home/josh/.local/share/nvim/lazy/nvim-web-devicons/plugin/nvim-web-devicons.vim
070.954  000.034  000.012: sourcing nvim_exec2() called at /home/josh/.config/nvim/init.lua:0
070.957  000.001  000.001: sourcing nvim_exec2() called at /home/josh/.config/nvim/init.lua:0
070.960  000.001  000.001: sourcing nvim_exec2() called at /home/josh/.config/nvim/init.lua:0
070.965  000.000  000.000: sourcing nvim_exec2() called at /home/josh/.config/nvim/init.lua:0
070.967  000.000  000.000: sourcing nvim_exec2() called at /home/josh/.config/nvim/init.lua:0
071.073  000.021  000.021: require('lualine_require')
071.261  000.293  000.272: require('lualine')
071.505  000.007  000.007: sourcing nvim_exec2() called at /home/josh/.config/nvim/init.lua:0
071.745  000.034  000.034: require('lualine.highlight')
071.962  000.005  000.005: sourcing nvim_exec2() called at /home/josh/.config/nvim/init.lua:0
071.999  000.031  000.031: sourcing nvim_exec2() called at /home/josh/.config/nvim/init.lua:0
072.005  000.002  000.002: sourcing nvim_exec2() called at /home/josh/.config/nvim/init.lua:0
072.009  000.001  000.001: sourcing nvim_exec2() called at /home/josh/.config/nvim/init.lua:0
072.014  000.002  000.002: sourcing nvim_exec2() called at /home/josh/.config/nvim/init.lua:0
072.017  000.001  000.001: sourcing nvim_exec2() called at /home/josh/.config/nvim/init.lua:0
072.020  000.001  000.001: sourcing nvim_exec2() called at /home/josh/.config/nvim/init.lua:0
072.024  000.001  000.001: sourcing nvim_exec2() called at /home/josh/.config/nvim/init.lua:0
072.026  000.001  000.001: sourcing nvim_exec2() called at /home/josh/.config/nvim/init.lua:0
072.029  000.001  000.001: sourcing nvim_exec2() called at /home/josh/.config/nvim/init.lua:0
072.032  000.001  000.001: sourcing nvim_exec2() called at /home/josh/.config/nvim/init.lua:0
072.035  000.001  000.001: sourcing nvim_exec2() called at /home/josh/.config/nvim/init.lua:0
072.038  000.001  000.001: sourcing nvim_exec2() called at /home/josh/.config/nvim/init.lua:0
072.043  000.001  000.001: sourcing nvim_exec2() called at /home/josh/.config/nvim/init.lua:0
072.113  000.002  000.002: sourcing nvim_exec2() called at /home/josh/.config/nvim/init.lua:0
072.117  000.001  000.001: sourcing nvim_exec2() called at /home/josh/.config/nvim/init.lua:0
072.144  000.007  000.007: sourcing nvim_exec2() called at /home/josh/.config/nvim/init.lua:0
072.157  000.008  000.008: sourcing nvim_exec2() called at /home/josh/.config/nvim/init.lua:0
072.160  000.001  000.001: sourcing nvim_exec2() called at /home/josh/.config/nvim/init.lua:0
072.164  000.001  000.001: sourcing nvim_exec2() called at /home/josh/.config/nvim/init.lua:0
072.166  000.001  000.001: sourcing nvim_exec2() called at /home/josh/.config/nvim/init.lua:0
072.169  000.001  000.001: sourcing nvim_exec2() called at /home/josh/.config/nvim/init.lua:0
072.177  000.007  000.007: sourcing nvim_exec2() called at /home/josh/.config/nvim/init.lua:0
072.962  000.005  000.005: sourcing nvim_exec2() called at /home/josh/.config/nvim/init.lua:0
072.982  000.004  000.004: sourcing nvim_exec2() called at /home/josh/.config/nvim/init.lua:0
073.130  000.004  000.004: sourcing nvim_exec2() called at /home/josh/.config/nvim/init.lua:0
073.158  000.002  000.002: sourcing nvim_exec2() called at /home/josh/.config/nvim/init.lua:0
073.163  000.001  000.001: sourcing nvim_exec2() called at /home/josh/.config/nvim/init.lua:0
073.166  000.001  000.001: sourcing nvim_exec2() called at /home/josh/.config/nvim/init.lua:0
073.170  000.001  000.001: sourcing nvim_exec2() called at /home/josh/.config/nvim/init.lua:0
073.173  000.001  000.001: sourcing nvim_exec2() called at /home/josh/.config/nvim/init.lua:0
073.188  000.014  000.014: sourcing nvim_exec2() called at /home/josh/.config/nvim/init.lua:0
073.194  000.001  000.001: sourcing nvim_exec2() called at /home/josh/.config/nvim/init.lua:0
073.197  000.001  000.001: sourcing nvim_exec2() called at /home/josh/.config/nvim/init.lua:0
073.201  000.001  000.001: sourcing nvim_exec2() called at /home/josh/.config/nvim/init.lua:0
073.223  000.001  000.001: sourcing nvim_exec2() called at /home/josh/.config/nvim/init.lua:0
073.230  000.001  000.001: sourcing nvim_exec2() called at /home/josh/.config/nvim/init.lua:0
073.233  000.001  000.001: sourcing nvim_exec2() called at /home/josh/.config/nvim/init.lua:0
073.236  000.001  000.001: sourcing nvim_exec2() called at /home/josh/.config/nvim/init.lua:0
073.241  000.002  000.002: sourcing nvim_exec2() called at /home/josh/.config/nvim/init.lua:0
073.245  000.001  000.001: sourcing nvim_exec2() called at /home/josh/.config/nvim/init.lua:0
073.248  000.001  000.001: sourcing nvim_exec2() called at /home/josh/.config/nvim/init.lua:0
073.251  000.001  000.001: sourcing nvim_exec2() called at /home/josh/.config/nvim/init.lua:0
073.254  000.001  000.001: sourcing nvim_exec2() called at /home/josh/.config/nvim/init.lua:0
073.257  000.001  000.001: sourcing nvim_exec2() called at /home/josh/.config/nvim/init.lua:0
073.260  000.001  000.001: sourcing nvim_exec2() called at /home/josh/.config/nvim/init.lua:0
073.389  000.009  000.009: sourcing nvim_exec2() called at /home/josh/.config/nvim/init.lua:0
073.393  000.001  000.001: sourcing nvim_exec2() called at /home/josh/.config/nvim/init.lua:0
073.396  000.001  000.001: sourcing nvim_exec2() called at /home/josh/.config/nvim/init.lua:0
073.399  000.002  000.002: sourcing nvim_exec2() called at /home/josh/.config/nvim/init.lua:0
073.846  000.003  000.003: sourcing nvim_exec2() called at /home/josh/.config/nvim/init.lua:0
073.852  000.001  000.001: sourcing nvim_exec2() called at /home/josh/.config/nvim/init.lua:0
073.855  000.001  000.001: sourcing nvim_exec2() called at /home/josh/.config/nvim/init.lua:0
073.859  000.001  000.001: sourcing nvim_exec2() called at /home/josh/.config/nvim/init.lua:0
073.874  000.001  000.001: sourcing nvim_exec2() called at /home/josh/.config/nvim/init.lua:0
073.889  000.001  000.001: sourcing nvim_exec2() called at /home/josh/.config/nvim/init.lua:0
073.892  000.001  000.001: sourcing nvim_exec2() called at /home/josh/.config/nvim/init.lua:0
073.898  000.002  000.002: sourcing nvim_exec2() called at /home/josh/.config/nvim/init.lua:0
073.902  000.001  000.001: sourcing nvim_exec2() called at /home/josh/.config/nvim/init.lua:0
073.905  000.001  000.001: sourcing nvim_exec2() called at /home/josh/.config/nvim/init.lua:0
073.909  000.001  000.001: sourcing nvim_exec2() called at /home/josh/.config/nvim/init.lua:0
073.912  000.001  000.001: sourcing nvim_exec2() called at /home/josh/.config/nvim/init.lua:0
073.915  000.001  000.001: sourcing nvim_exec2() called at /home/josh/.config/nvim/init.lua:0
073.918  000.001  000.001: sourcing nvim_exec2() called at /home/josh/.config/nvim/init.lua:0
073.922  000.001  000.001: sourcing nvim_exec2() called at /home/josh/.config/nvim/init.lua:0
073.926  000.001  000.001: sourcing nvim_exec2() called at /home/josh/.config/nvim/init.lua:0
073.929  000.001  000.001: sourcing nvim_exec2() called at /home/josh/.config/nvim/init.lua:0
073.931  000.001  000.001: sourcing nvim_exec2() called at /home/josh/.config/nvim/init.lua:0
073.934  000.001  000.001: sourcing nvim_exec2() called at /home/josh/.config/nvim/init.lua:0
073.939  000.001  000.001: sourcing nvim_exec2() called at /home/josh/.config/nvim/init.lua:0
073.947  000.001  000.001: sourcing nvim_exec2() called at /home/josh/.config/nvim/init.lua:0
073.952  000.001  000.001: sourcing nvim_exec2() called at /home/josh/.config/nvim/init.lua:0
073.956  000.001  000.001: sourcing nvim_exec2() called at /home/josh/.config/nvim/init.lua:0
073.959  000.001  000.001: sourcing nvim_exec2() called at /home/josh/.config/nvim/init.lua:0
073.961  000.001  000.001: sourcing nvim_exec2() called at /home/josh/.config/nvim/init.lua:0
073.964  000.001  000.001: sourcing nvim_exec2() called at /home/josh/.config/nvim/init.lua:0
073.967  000.001  000.001: sourcing nvim_exec2() called at /home/josh/.config/nvim/init.lua:0
073.970  000.001  000.001: sourcing nvim_exec2() called at /home/josh/.config/nvim/init.lua:0
074.047  000.034  000.034: require('lualine.utils.mode')
074.431  000.003  000.003: sourcing nvim_exec2() called at /home/josh/.config/nvim/init.lua:0
074.435  000.001  000.001: sourcing nvim_exec2() called at /home/josh/.config/nvim/init.lua:0
074.590  000.153  000.153: require('mason-nvim-dap')
074.608  000.017  000.017: require('mason-nvim-dap.settings')
074.652  000.022  000.022: require('vim.health')
074.653  000.041  000.019: require('vim.deprecated.health')
074.700  000.020  000.020: require('mason-nvim-dap.mappings.source')
074.701  000.036  000.017: require('mason-nvim-dap.ensure_installed')
074.760  000.023  000.023: require('dap.ext.vscode')
074.775  000.014  000.014: require('mason-nvim-dap.mappings.filetypes')
074.859  000.015  000.015: require('mason-core.notify')
074.869  000.050  000.035: require('mason-nvim-dap.api.command')
074.900  000.005  000.005: sourcing nvim_exec2() called at /home/josh/.config/nvim/init.lua:0
074.904  000.001  000.001: sourcing nvim_exec2() called at /home/josh/.config/nvim/init.lua:0
075.037  000.001  000.001: sourcing nvim_exec2() called at /home/josh/.config/nvim/init.lua:0
075.040  000.000  000.000: sourcing nvim_exec2() called at /home/josh/.config/nvim/init.lua:0
075.191  000.016  000.016: require('nvim-autopairs._log')
075.216  000.024  000.024: require('nvim-autopairs.utils')
075.274  000.022  000.022: require('nvim-autopairs.conds')
075.276  000.042  000.020: require('nvim-autopairs.rule')
075.277  000.061  000.019: require('nvim-autopairs.rules.basic')
075.281  000.212  000.112: require('nvim-autopairs')
075.587  000.002  000.002: sourcing nvim_exec2() called at /home/josh/.config/nvim/init.lua:0
075.591  000.001  000.001: sourcing nvim_exec2() called at /home/josh/.config/nvim/init.lua:0
075.758  000.130  000.130: require('blink.cmp')
075.837  000.039  000.039: require('blink.cmp.lib.async')
075.895  000.023  000.023: require('blink.cmp.config.utils')
075.927  000.031  000.031: require('blink.cmp.config.keymap')
075.974  000.017  000.017: require('blink.cmp.config.completion.keyword')
076.004  000.029  000.029: require('blink.cmp.config.completion.trigger')
076.025  000.021  000.021: require('blink.cmp.config.completion.list')
076.048  000.022  000.022: require('blink.cmp.config.completion.accept')
076.121  000.072  000.072: require('blink.cmp.config.completion.menu')
076.154  000.033  000.033: require('blink.cmp.config.completion.documentation')
076.175  000.020  000.020: require('blink.cmp.config.completion.ghost_text')
076.175  000.247  000.034: require('blink.cmp.config.completion')
076.210  000.034  000.034: require('blink.cmp.config.fuzzy')
076.253  000.042  000.042: require('blink.cmp.config.sources')
076.289  000.035  000.035: require('blink.cmp.config.signature')
076.318  000.029  000.029: require('blink.cmp.config.snippets')
076.345  000.027  000.027: require('blink.cmp.config.appearance')
076.367  000.022  000.022: require('blink.cmp.config.modes.cmdline')
076.388  000.020  000.020: require('blink.cmp.config.modes.term')
076.389  000.552  000.042: require('blink.cmp.config')
076.424  000.034  000.034: require('blink.cmp.lib.event_emitter')
076.457  000.031  000.031: require('blink.cmp.lib.utils')
076.461  000.701  000.045: require('blink.cmp.sources.lib')
076.477  000.866  000.034: sourcing /home/josh/.local/share/nvim/lazy/blink.cmp/plugin/blink-cmp.lua
076.481  000.879  000.013: sourcing nvim_exec2() called at /home/josh/.config/nvim/init.lua:0
076.486  000.002  000.002: sourcing nvim_exec2() called at /home/josh/.config/nvim/init.lua:0
076.492  000.001  000.001: sourcing nvim_exec2() called at /home/josh/.config/nvim/init.lua:0
076.559  000.046  000.046: require('blink-cmp')
077.734  000.064  000.064: require('blink.cmp.config.modes.types')
078.571  000.463  000.463: require('blink.cmp.fuzzy.download.system')
078.633  000.594  000.131: require('blink.cmp.fuzzy.download.files')
078.635  000.660  000.065: require('blink.cmp.fuzzy.download.git')
078.638  000.750  000.090: require('blink.cmp.fuzzy.download')
078.896  000.082  000.082: require('vim._system')
082.350  000.010  000.010: sourcing nvim_exec2() called at /home/josh/.config/nvim/init.lua:0
082.364  000.001  000.001: sourcing nvim_exec2() called at /home/josh/.config/nvim/init.lua:0
082.613  000.002  000.002: sourcing nvim_exec2() called at /home/josh/.config/nvim/init.lua:0
082.619  000.001  000.001: sourcing nvim_exec2() called at /home/josh/.config/nvim/init.lua:0
082.975  000.162  000.162: require('gitsigns')
083.325  000.328  000.328: require('gitsigns.highlight')
083.410  000.074  000.074: require('gitsigns.debug.log')
083.891  000.479  000.479: require('gitsigns.config')
084.501  000.076  000.076: require('gitsigns.debounce')
084.513  001.746  000.626: sourcing /home/josh/.local/share/nvim/lazy/gitsigns.nvim/plugin/gitsigns.lua
084.516  001.761  000.015: sourcing nvim_exec2() called at /home/josh/.config/nvim/init.lua:0
084.522  000.002  000.002: sourcing nvim_exec2() called at /home/josh/.config/nvim/init.lua:0
084.535  000.001  000.001: sourcing nvim_exec2() called at /home/josh/.config/nvim/init.lua:0
084.788  000.017  000.017: sourcing /home/josh/.local/share/nvim/lazy/plenary.nvim/plugin/plenary.vim
084.790  000.028  000.010: sourcing nvim_exec2() called at /home/josh/.config/nvim/init.lua:0
084.793  000.001  000.001: sourcing nvim_exec2() called at /home/josh/.config/nvim/init.lua:0
084.804  000.000  000.000: sourcing nvim_exec2() called at /home/josh/.config/nvim/init.lua:0
084.918  000.001  000.001: sourcing nvim_exec2() called at /home/josh/.config/nvim/init.lua:0
084.943  000.001  000.001: sourcing nvim_exec2() called at /home/josh/.config/nvim/init.lua:0
085.294  000.321  000.321: sourcing /home/josh/.local/share/nvim/lazy/telescope.nvim/plugin/telescope.lua
085.297  000.331  000.010: sourcing nvim_exec2() called at /home/josh/.config/nvim/init.lua:0
085.301  000.001  000.001: sourcing nvim_exec2() called at /home/josh/.config/nvim/init.lua:0
085.311  000.000  000.000: sourcing nvim_exec2() called at /home/josh/.config/nvim/init.lua:0
085.537  000.075  000.075: require('telescope._extensions')
085.539  000.221  000.147: require('telescope')
085.683  000.018  000.018: require('plenary.bit')
085.701  000.016  000.016: require('plenary.functional')
085.718  000.089  000.054: require('plenary.path')
085.727  000.118  000.029: require('plenary.strings')
085.743  000.015  000.015: require('telescope.deprecated')
085.849  000.066  000.066: require('plenary.log')
085.858  000.088  000.022: require('telescope.log')
085.957  000.018  000.018: require('plenary.compat')
085.960  000.065  000.046: require('plenary.job')
085.978  000.017  000.017: require('telescope.state')
085.985  000.127  000.046: require('telescope.utils')
085.989  000.246  000.030: require('telescope.sorters')
087.276  001.736  001.358: require('telescope.config')
088.000  000.028  000.028: sourcing /home/josh/.local/share/nvim/lazy/nvim-colorizer.lua/plugin/colorizer.vim
088.003  000.043  000.015: sourcing nvim_exec2() called at /home/josh/.config/nvim/init.lua:0
088.008  000.001  000.001: sourcing nvim_exec2() called at /home/josh/.config/nvim/init.lua:0
088.013  000.001  000.001: sourcing nvim_exec2() called at /home/josh/.config/nvim/init.lua:0
088.259  000.039  000.039: require('colorizer/nvim')
088.381  000.119  000.119: require('colorizer/trie')
088.496  000.481  000.323: require('colorizer')
089.210  000.002  000.002: sourcing nvim_exec2() called at /home/josh/.config/nvim/init.lua:0
089.216  000.001  000.001: sourcing nvim_exec2() called at /home/josh/.config/nvim/init.lua:0
089.382  000.023  000.023: require('vscode.config')
089.530  000.147  000.147: require('vscode.theme')
089.548  000.016  000.016: require('vscode.utils')
089.549  000.330  000.143: require('vscode')
090.105  000.190  000.190: sourcing nvim_exec2() called at /home/josh/.local/share/nvim/lazy/vscode.nvim/colors/vscode.lua:0
090.179  000.070  000.070: sourcing nvim_exec2() called at /home/josh/.local/share/nvim/lazy/vscode.nvim/colors/vscode.lua:0
090.212  000.028  000.028: require('vscode.colors')
090.727  000.826  000.538: sourcing /home/josh/.local/share/nvim/lazy/vscode.nvim/colors/vscode.lua
090.760  000.013  000.013: sourcing nvim_exec2() called at ColorScheme Autocommands for "*":0
090.903  000.009  000.009: sourcing nvim_exec2() called at ColorScheme Autocommands for "*":0
091.110  000.001  000.001: sourcing nvim_exec2() called at ColorScheme Autocommands for "*":0
091.112  000.001  000.001: sourcing nvim_exec2() called at ColorScheme Autocommands for "*":0
091.114  000.001  000.001: sourcing nvim_exec2() called at ColorScheme Autocommands for "*":0
091.115  000.000  000.000: sourcing nvim_exec2() called at ColorScheme Autocommands for "*":0
091.116  000.001  000.001: sourcing nvim_exec2() called at ColorScheme Autocommands for "*":0
091.117  000.001  000.001: sourcing nvim_exec2() called at ColorScheme Autocommands for "*":0
091.119  000.001  000.001: sourcing nvim_exec2() called at ColorScheme Autocommands for "*":0
091.120  000.000  000.000: sourcing nvim_exec2() called at ColorScheme Autocommands for "*":0
091.121  000.001  000.001: sourcing nvim_exec2() called at ColorScheme Autocommands for "*":0
091.123  000.001  000.001: sourcing nvim_exec2() called at ColorScheme Autocommands for "*":0
091.124  000.000  000.000: sourcing nvim_exec2() called at ColorScheme Autocommands for "*":0
091.125  000.000  000.000: sourcing nvim_exec2() called at ColorScheme Autocommands for "*":0
091.126  000.000  000.000: sourcing nvim_exec2() called at ColorScheme Autocommands for "*":0
091.127  000.001  000.001: sourcing nvim_exec2() called at ColorScheme Autocommands for "*":0
091.128  000.001  000.001: sourcing nvim_exec2() called at ColorScheme Autocommands for "*":0
091.130  000.001  000.001: sourcing nvim_exec2() called at ColorScheme Autocommands for "*":0
091.131  000.000  000.000: sourcing nvim_exec2() called at ColorScheme Autocommands for "*":0
091.132  000.000  000.000: sourcing nvim_exec2() called at ColorScheme Autocommands for "*":0
091.133  000.000  000.000: sourcing nvim_exec2() called at ColorScheme Autocommands for "*":0
091.134  000.001  000.001: sourcing nvim_exec2() called at ColorScheme Autocommands for "*":0
091.135  000.000  000.000: sourcing nvim_exec2() called at ColorScheme Autocommands for "*":0
091.137  000.000  000.000: sourcing nvim_exec2() called at ColorScheme Autocommands for "*":0
091.138  000.000  000.000: sourcing nvim_exec2() called at ColorScheme Autocommands for "*":0
091.139  000.000  000.000: sourcing nvim_exec2() called at ColorScheme Autocommands for "*":0
091.140  000.000  000.000: sourcing nvim_exec2() called at ColorScheme Autocommands for "*":0
091.141  000.000  000.000: sourcing nvim_exec2() called at ColorScheme Autocommands for "*":0
091.142  000.000  000.000: sourcing nvim_exec2() called at ColorScheme Autocommands for "*":0
091.143  000.000  000.000: sourcing nvim_exec2() called at ColorScheme Autocommands for "*":0
091.144  000.000  000.000: sourcing nvim_exec2() called at ColorScheme Autocommands for "*":0
091.146  000.000  000.000: sourcing nvim_exec2() called at ColorScheme Autocommands for "*":0
091.147  000.000  000.000: sourcing nvim_exec2() called at ColorScheme Autocommands for "*":0
091.148  000.000  000.000: sourcing nvim_exec2() called at ColorScheme Autocommands for "*":0
091.149  000.000  000.000: sourcing nvim_exec2() called at ColorScheme Autocommands for "*":0
091.150  000.000  000.000: sourcing nvim_exec2() called at ColorScheme Autocommands for "*":0
091.166  000.001  000.001: sourcing nvim_exec2() called at ColorScheme Autocommands for "*":0
091.168  000.001  000.001: sourcing nvim_exec2() called at ColorScheme Autocommands for "*":0
091.169  000.000  000.000: sourcing nvim_exec2() called at ColorScheme Autocommands for "*":0
091.171  000.001  000.001: sourcing nvim_exec2() called at ColorScheme Autocommands for "*":0
091.172  000.000  000.000: sourcing nvim_exec2() called at ColorScheme Autocommands for "*":0
091.173  000.000  000.000: sourcing nvim_exec2() called at ColorScheme Autocommands for "*":0
091.174  000.000  000.000: sourcing nvim_exec2() called at ColorScheme Autocommands for "*":0
091.175  000.000  000.000: sourcing nvim_exec2() called at ColorScheme Autocommands for "*":0
091.192  000.001  000.001: sourcing nvim_exec2() called at ColorScheme Autocommands for "*":0
091.193  000.001  000.001: sourcing nvim_exec2() called at ColorScheme Autocommands for "*":0
091.195  000.001  000.001: sourcing nvim_exec2() called at ColorScheme Autocommands for "*":0
091.196  000.000  000.000: sourcing nvim_exec2() called at ColorScheme Autocommands for "*":0
091.197  000.000  000.000: sourcing nvim_exec2() called at ColorScheme Autocommands for "*":0
091.203  000.000  000.000: sourcing nvim_exec2() called at ColorScheme Autocommands for "*":0
091.204  000.000  000.000: sourcing nvim_exec2() called at ColorScheme Autocommands for "*":0
091.205  000.000  000.000: sourcing nvim_exec2() called at ColorScheme Autocommands for "*":0
091.206  000.000  000.000: sourcing nvim_exec2() called at ColorScheme Autocommands for "*":0
091.207  000.000  000.000: sourcing nvim_exec2() called at ColorScheme Autocommands for "*":0
091.208  000.000  000.000: sourcing nvim_exec2() called at ColorScheme Autocommands for "*":0
091.209  000.000  000.000: sourcing nvim_exec2() called at ColorScheme Autocommands for "*":0
091.210  000.000  000.000: sourcing nvim_exec2() called at ColorScheme Autocommands for "*":0
091.211  000.000  000.000: sourcing nvim_exec2() called at ColorScheme Autocommands for "*":0
091.213  000.000  000.000: sourcing nvim_exec2() called at ColorScheme Autocommands for "*":0
091.214  000.000  000.000: sourcing nvim_exec2() called at ColorScheme Autocommands for "*":0
091.215  000.000  000.000: sourcing nvim_exec2() called at ColorScheme Autocommands for "*":0
091.216  000.000  000.000: sourcing nvim_exec2() called at ColorScheme Autocommands for "*":0
091.217  000.000  000.000: sourcing nvim_exec2() called at ColorScheme Autocommands for "*":0
091.218  000.000  000.000: sourcing nvim_exec2() called at ColorScheme Autocommands for "*":0
091.219  000.001  000.001: sourcing nvim_exec2() called at ColorScheme Autocommands for "*":0
091.220  000.000  000.000: sourcing nvim_exec2() called at ColorScheme Autocommands for "*":0
091.221  000.000  000.000: sourcing nvim_exec2() called at ColorScheme Autocommands for "*":0
091.222  000.000  000.000: sourcing nvim_exec2() called at ColorScheme Autocommands for "*":0
091.223  000.000  000.000: sourcing nvim_exec2() called at ColorScheme Autocommands for "*":0
091.224  000.000  000.000: sourcing nvim_exec2() called at ColorScheme Autocommands for "*":0
091.226  000.000  000.000: sourcing nvim_exec2() called at ColorScheme Autocommands for "*":0
091.227  000.000  000.000: sourcing nvim_exec2() called at ColorScheme Autocommands for "*":0
091.228  000.000  000.000: sourcing nvim_exec2() called at ColorScheme Autocommands for "*":0
091.236  000.002  000.002: sourcing nvim_exec2() called at ColorScheme Autocommands for "*":0
091.243  000.001  000.001: sourcing nvim_exec2() called at ColorScheme Autocommands for "*":0
091.246  000.001  000.001: sourcing nvim_exec2() called at ColorScheme Autocommands for "*":0
091.250  000.001  000.001: sourcing nvim_exec2() called at ColorScheme Autocommands for "*":0
091.252  000.001  000.001: sourcing nvim_exec2() called at ColorScheme Autocommands for "*":0
091.254  000.001  000.001: sourcing nvim_exec2() called at ColorScheme Autocommands for "*":0
091.257  000.001  000.001: sourcing nvim_exec2() called at ColorScheme Autocommands for "*":0
091.259  000.001  000.001: sourcing nvim_exec2() called at ColorScheme Autocommands for "*":0
091.261  000.001  000.001: sourcing nvim_exec2() called at ColorScheme Autocommands for "*":0
091.264  000.001  000.001: sourcing nvim_exec2() called at ColorScheme Autocommands for "*":0
091.266  000.001  000.001: sourcing nvim_exec2() called at ColorScheme Autocommands for "*":0
091.268  000.001  000.001: sourcing nvim_exec2() called at ColorScheme Autocommands for "*":0
091.271  000.001  000.001: sourcing nvim_exec2() called at ColorScheme Autocommands for "*":0
091.273  000.001  000.001: sourcing nvim_exec2() called at ColorScheme Autocommands for "*":0
091.276  000.001  000.001: sourcing nvim_exec2() called at ColorScheme Autocommands for "*":0
091.278  000.001  000.001: sourcing nvim_exec2() called at ColorScheme Autocommands for "*":0
091.281  000.001  000.001: sourcing nvim_exec2() called at ColorScheme Autocommands for "*":0
091.283  000.001  000.001: sourcing nvim_exec2() called at ColorScheme Autocommands for "*":0
091.286  000.001  000.001: sourcing nvim_exec2() called at ColorScheme Autocommands for "*":0
091.288  000.001  000.001: sourcing nvim_exec2() called at ColorScheme Autocommands for "*":0
091.290  000.001  000.001: sourcing nvim_exec2() called at ColorScheme Autocommands for "*":0
091.321  000.005  000.005: sourcing nvim_exec2() called at ColorScheme Autocommands for "*":0
091.342  000.002  000.002: sourcing nvim_exec2() called at ColorScheme Autocommands for "*":0
091.345  000.001  000.001: sourcing nvim_exec2() called at ColorScheme Autocommands for "*":0
091.367  000.002  000.002: sourcing nvim_exec2() called at ColorScheme Autocommands for "*":0
091.370  000.001  000.001: sourcing nvim_exec2() called at ColorScheme Autocommands for "*":0
091.373  000.001  000.001: sourcing nvim_exec2() called at ColorScheme Autocommands for "*":0
091.375  000.001  000.001: sourcing nvim_exec2() called at ColorScheme Autocommands for "*":0
091.377  000.001  000.001: sourcing nvim_exec2() called at ColorScheme Autocommands for "*":0
091.379  000.001  000.001: sourcing nvim_exec2() called at ColorScheme Autocommands for "*":0
091.382  000.001  000.001: sourcing nvim_exec2() called at ColorScheme Autocommands for "*":0
091.386  000.001  000.001: sourcing nvim_exec2() called at ColorScheme Autocommands for "*":0
091.403  000.015  000.015: sourcing nvim_exec2() called at ColorScheme Autocommands for "*":0
091.408  000.001  000.001: sourcing nvim_exec2() called at ColorScheme Autocommands for "*":0
091.411  000.001  000.001: sourcing nvim_exec2() called at ColorScheme Autocommands for "*":0
091.414  000.001  000.001: sourcing nvim_exec2() called at ColorScheme Autocommands for "*":0
091.417  000.001  000.001: sourcing nvim_exec2() called at ColorScheme Autocommands for "*":0
091.420  000.001  000.001: sourcing nvim_exec2() called at ColorScheme Autocommands for "*":0
091.424  000.001  000.001: sourcing nvim_exec2() called at ColorScheme Autocommands for "*":0
091.426  000.001  000.001: sourcing nvim_exec2() called at ColorScheme Autocommands for "*":0
091.429  000.001  000.001: sourcing nvim_exec2() called at ColorScheme Autocommands for "*":0
091.431  000.001  000.001: sourcing nvim_exec2() called at ColorScheme Autocommands for "*":0
091.433  000.001  000.001: sourcing nvim_exec2() called at ColorScheme Autocommands for "*":0
091.436  000.001  000.001: sourcing nvim_exec2() called at ColorScheme Autocommands for "*":0
091.438  000.001  000.001: sourcing nvim_exec2() called at ColorScheme Autocommands for "*":0
091.455  000.015  000.015: sourcing nvim_exec2() called at ColorScheme Autocommands for "*":0
091.458  000.001  000.001: sourcing nvim_exec2() called at ColorScheme Autocommands for "*":0
091.460  000.001  000.001: sourcing nvim_exec2() called at ColorScheme Autocommands for "*":0
091.462  000.001  000.001: sourcing nvim_exec2() called at ColorScheme Autocommands for "*":0
091.511  000.002  000.002: sourcing nvim_exec2() called at ColorScheme Autocommands for "*":0
091.514  000.001  000.001: sourcing nvim_exec2() called at ColorScheme Autocommands for "*":0
091.516  000.001  000.001: sourcing nvim_exec2() called at ColorScheme Autocommands for "*":0
091.519  000.001  000.001: sourcing nvim_exec2() called at ColorScheme Autocommands for "*":0
091.523  000.001  000.001: sourcing nvim_exec2() called at ColorScheme Autocommands for "*":0
091.525  000.001  000.001: sourcing nvim_exec2() called at ColorScheme Autocommands for "*":0
091.527  000.001  000.001: sourcing nvim_exec2() called at ColorScheme Autocommands for "*":0
091.531  000.001  000.001: sourcing nvim_exec2() called at ColorScheme Autocommands for "*":0
091.538  000.001  000.001: sourcing nvim_exec2() called at ColorScheme Autocommands for "*":0
091.547  000.001  000.001: sourcing nvim_exec2() called at ColorScheme Autocommands for "*":0
091.550  000.001  000.001: sourcing nvim_exec2() called at ColorScheme Autocommands for "*":0
091.552  000.001  000.001: sourcing nvim_exec2() called at ColorScheme Autocommands for "*":0
091.555  000.001  000.001: sourcing nvim_exec2() called at ColorScheme Autocommands for "*":0
091.558  000.001  000.001: sourcing nvim_exec2() called at ColorScheme Autocommands for "*":0
091.562  000.001  000.001: sourcing nvim_exec2() called at ColorScheme Autocommands for "*":0
091.564  000.001  000.001: sourcing nvim_exec2() called at ColorScheme Autocommands for "*":0
091.566  000.001  000.001: sourcing nvim_exec2() called at ColorScheme Autocommands for "*":0
091.569  000.001  000.001: sourcing nvim_exec2() called at ColorScheme Autocommands for "*":0
091.571  000.001  000.001: sourcing nvim_exec2() called at ColorScheme Autocommands for "*":0
091.574  000.001  000.001: sourcing nvim_exec2() called at ColorScheme Autocommands for "*":0
091.577  000.001  000.001: sourcing nvim_exec2() called at ColorScheme Autocommands for "*":0
091.580  000.001  000.001: sourcing nvim_exec2() called at ColorScheme Autocommands for "*":0
091.582  000.001  000.001: sourcing nvim_exec2() called at ColorScheme Autocommands for "*":0
091.587  000.001  000.001: sourcing nvim_exec2() called at ColorScheme Autocommands for "*":0
091.589  000.001  000.001: sourcing nvim_exec2() called at ColorScheme Autocommands for "*":0
091.591  000.001  000.001: sourcing nvim_exec2() called at ColorScheme Autocommands for "*":0
091.594  000.001  000.001: sourcing nvim_exec2() called at ColorScheme Autocommands for "*":0
091.596  000.001  000.001: sourcing nvim_exec2() called at ColorScheme Autocommands for "*":0
091.816  000.005  000.005: sourcing /home/josh/.local/share/nvim/lazy/diagflow.nvim/plugin/diagflow.vim
091.817  000.016  000.011: sourcing nvim_exec2() called at /home/josh/.config/nvim/init.lua:0
091.820  000.001  000.001: sourcing nvim_exec2() called at /home/josh/.config/nvim/init.lua:0
091.824  000.000  000.000: sourcing nvim_exec2() called at /home/josh/.config/nvim/init.lua:0
091.988  000.023  000.023: require('diagflow.lazy')
091.990  000.133  000.110: require('diagflow')
092.092  000.097  000.097: require('vim.diagnostic')
092.146  000.002  000.002: sourcing nvim_exec2() called at /home/josh/.config/nvim/init.lua:0
092.151  000.001  000.001: sourcing nvim_exec2() called at /home/josh/.config/nvim/init.lua:0
092.243  000.001  000.001: sourcing nvim_exec2() called at /home/josh/.config/nvim/init.lua:0
092.246  000.000  000.000: sourcing nvim_exec2() called at /home/josh/.config/nvim/init.lua:0
092.433  000.019  000.019: require('modus-themes.util')
092.677  000.061  000.061: require('modus-themes.colors')
092.678  000.244  000.183: require('modus-themes.theme')
092.702  000.023  000.023: require('modus-themes.config')
092.703  000.456  000.170: require('modus-themes')
092.783  000.021  000.021: sourcing /home/josh/.local/share/nvim/lazy/conform.nvim/plugin/conform.lua
092.784  000.040  000.019: sourcing nvim_exec2() called at /home/josh/.config/nvim/init.lua:0
092.787  000.001  000.001: sourcing nvim_exec2() called at /home/josh/.config/nvim/init.lua:0
092.791  000.000  000.000: sourcing nvim_exec2() called at /home/josh/.config/nvim/init.lua:0
092.935  000.143  000.143: require('conform')
092.978  000.001  000.001: sourcing nvim_exec2() called at /home/josh/.config/nvim/init.lua:0
092.982  000.000  000.000: sourcing nvim_exec2() called at /home/josh/.config/nvim/init.lua:0
093.322  000.159  000.159: require('vesper.config')
093.409  000.081  000.081: require('vesper.utils')
093.424  000.279  000.039: require('vesper.colors')
093.465  000.040  000.040: require('vesper.integrations.bufferline')
093.491  000.025  000.025: require('vesper.integrations.cmp')
093.532  000.040  000.040: require('vesper.integrations.telescope')
093.534  000.551  000.167: require('vesper')
094.088  000.046  000.046: require('Comment.config')
094.282  000.147  000.147: require('Comment.ft')
094.287  000.196  000.048: require('Comment.utils')
094.333  000.046  000.046: require('Comment.opfunc')
094.370  000.036  000.036: require('Comment.extra')
094.373  000.608  000.283: require('Comment.api')
094.424  000.700  000.092: sourcing /home/josh/.local/share/nvim/lazy/Comment.nvim/plugin/Comment.lua
094.427  000.721  000.021: sourcing nvim_exec2() called at /home/josh/.config/nvim/init.lua:0
094.434  000.003  000.003: sourcing nvim_exec2() called at /home/josh/.config/nvim/init.lua:0
094.442  000.001  000.001: sourcing nvim_exec2() called at /home/josh/.config/nvim/init.lua:0
094.492  000.048  000.048: require('Comment')
094.647  000.002  000.002: sourcing nvim_exec2() called at /home/josh/.config/nvim/init.lua:0
094.653  000.001  000.001: sourcing nvim_exec2() called at /home/josh/.config/nvim/init.lua:0
094.864  000.043  000.043: require('black-metal.config')
094.866  000.210  000.168: require('black-metal')
094.926  000.001  000.001: sourcing nvim_exec2() called at /home/josh/.config/nvim/init.lua:0
094.932  000.001  000.001: sourcing nvim_exec2() called at /home/josh/.config/nvim/init.lua:0
095.267  000.030  000.030: sourcing /home/josh/.local/share/nvim/lazy/simple-zoom.nvim/plugin/simple-zoom.lua
095.270  000.045  000.014: sourcing nvim_exec2() called at /home/josh/.config/nvim/init.lua:0
095.273  000.001  000.001: sourcing nvim_exec2() called at /home/josh/.config/nvim/init.lua:0
095.279  000.001  000.001: sourcing nvim_exec2() called at /home/josh/.config/nvim/init.lua:0
095.527  000.223  000.223: require('simple-zoom')
095.597  000.017  000.017: sourcing /home/josh/.local/share/nvim/lazy/zen-mode.nvim/plugin/zen-mode.vim
095.599  000.028  000.011: sourcing nvim_exec2() called at /home/josh/.config/nvim/init.lua:0
095.604  000.001  000.001: sourcing nvim_exec2() called at /home/josh/.config/nvim/init.lua:0
095.609  000.000  000.000: sourcing nvim_exec2() called at /home/josh/.config/nvim/init.lua:0
095.727  000.001  000.001: sourcing nvim_exec2() called at /home/josh/.config/nvim/init.lua:0
095.733  000.000  000.000: sourcing nvim_exec2() called at /home/josh/.config/nvim/init.lua:0
095.857  000.001  000.001: sourcing nvim_exec2() called at /home/josh/.config/nvim/init.lua:0
095.861  000.000  000.000: sourcing nvim_exec2() called at /home/josh/.config/nvim/init.lua:0
096.046  000.045  000.045: require('vague.config.internal')
096.048  000.184  000.140: require('vague')
096.327  000.002  000.002: sourcing nvim_exec2() called at /home/josh/.config/nvim/init.lua:0
096.332  000.001  000.001: sourcing nvim_exec2() called at /home/josh/.config/nvim/init.lua:0
097.999  001.660  001.660: require('mini.icons')
098.280  000.006  000.006: sourcing nvim_exec2() called at /home/josh/.config/nvim/init.lua:0
098.291  000.001  000.001: sourcing nvim_exec2() called at /home/josh/.config/nvim/init.lua:0
098.464  000.169  000.169: require('alpha')
098.552  000.086  000.086: require('alpha.themes.dashboard')
098.755  000.004  000.004: sourcing nvim_exec2() called at /home/josh/.config/nvim/init.lua:0
098.763  000.003  000.003: sourcing nvim_exec2() called at /home/josh/.config/nvim/init.lua:0
099.443  000.084  000.084: require('bufferline.lazy')
099.532  000.063  000.063: require('bufferline.commands')
099.811  000.277  000.277: require('bufferline.config')
099.831  001.058  000.633: require('bufferline')
100.219  000.160  000.160: require('bufferline.utils')
100.222  000.387  000.227: require('bufferline.groups')
100.325  000.089  000.089: require('bufferline.constants')
100.424  000.093  000.093: require('bufferline.colors')
100.780  000.212  000.212: require('bufferline.highlights')
102.124  000.626  000.626: require('bufferline.hover')
102.272  000.061  000.061: require('bufferline.ui')
102.342  000.005  000.005: sourcing nvim_exec2() called at /home/josh/.config/nvim/init.lua:0
102.347  000.001  000.001: sourcing nvim_exec2() called at /home/josh/.config/nvim/init.lua:0
102.479  000.001  000.001: sourcing nvim_exec2() called at /home/josh/.config/nvim/init.lua:0
102.512  000.001  000.001: sourcing nvim_exec2() called at /home/josh/.config/nvim/init.lua:0
102.662  000.015  000.015: require('toggleterm.lazy')
102.676  000.013  000.013: require('toggleterm.constants')
102.713  000.036  000.036: require('toggleterm.terminal')
102.716  000.202  000.138: require('toggleterm')
102.749  000.016  000.016: require('toggleterm.colors')
102.765  000.015  000.015: require('toggleterm.utils')
102.768  000.051  000.020: require('toggleterm.config')
103.247  000.027  000.027: require('toggleterm.commandline')
103.299  000.002  000.002: sourcing nvim_exec2() called at /home/josh/.config/nvim/init.lua:0
103.302  000.000  000.000: sourcing nvim_exec2() called at /home/josh/.config/nvim/init.lua:0
103.477  000.156  000.156: require('oil')
103.491  000.014  000.014: require('oil.ringbuf')
103.515  000.023  000.023: require('oil.config')
104.134  000.585  000.585: require('vim.filetype')
104.532  000.019  000.019: require('oil.log')
104.538  000.070  000.052: require('oil.fs')
104.588  000.013  000.013: require('oil.constants')
104.626  000.087  000.074: require('oil.util')
104.665  000.003  000.003: sourcing nvim_exec2() called at /home/josh/.config/nvim/init.lua:0
104.673  000.001  000.001: sourcing nvim_exec2() called at /home/josh/.config/nvim/init.lua:0
104.819  000.001  000.001: sourcing nvim_exec2() called at /home/josh/.config/nvim/init.lua:0
104.822  000.000  000.000: sourcing nvim_exec2() called at /home/josh/.config/nvim/init.lua:0
105.157  000.328  000.328: require('gruvbox')
105.236  000.022  000.022: sourcing /home/josh/.local/share/nvim/lazy/github-nvim-theme/plugin/github_theme.lua
105.238  000.037  000.016: sourcing nvim_exec2() called at /home/josh/.config/nvim/init.lua:0
105.241  000.001  000.001: sourcing nvim_exec2() called at /home/josh/.config/nvim/init.lua:0
105.244  000.000  000.000: sourcing nvim_exec2() called at /home/josh/.config/nvim/init.lua:0
105.507  000.024  000.024: sourcing /home/josh/.local/share/nvim/lazy/lush.nvim/plugin/lush.vim
105.508  000.033  000.008: sourcing nvim_exec2() called at /home/josh/.config/nvim/init.lua:0
105.511  000.001  000.001: sourcing nvim_exec2() called at /home/josh/.config/nvim/init.lua:0
105.514  000.000  000.000: sourcing nvim_exec2() called at /home/josh/.config/nvim/init.lua:0
105.518  000.000  000.000: sourcing nvim_exec2() called at /home/josh/.config/nvim/init.lua:0
105.521  000.000  000.000: sourcing nvim_exec2() called at /home/josh/.config/nvim/init.lua:0
105.920  000.025  000.025: require('nvim-treesitter.utils')
106.202  000.029  000.029: require('vim.treesitter.language')
106.217  000.014  000.014: require('vim.func')
106.234  000.016  000.016: require('vim.func._memoize')
106.300  000.157  000.098: require('vim.treesitter.query')
106.325  000.023  000.023: require('vim.treesitter._range')
106.333  000.226  000.046: require('vim.treesitter.languagetree')
106.340  000.256  000.031: require('vim.treesitter')
106.644  000.722  000.466: require('nvim-treesitter.parsers')
106.786  000.016  000.016: require('nvim-treesitter.compat')
106.858  000.049  000.049: require('nvim-treesitter.ts_utils')
106.861  000.074  000.025: require('nvim-treesitter.tsrange')
106.894  000.032  000.032: require('nvim-treesitter.caching')
106.899  000.160  000.038: require('nvim-treesitter.query')
106.907  000.225  000.064: require('nvim-treesitter.configs')
106.908  000.262  000.038: require('nvim-treesitter.info')
106.964  000.055  000.055: require('nvim-treesitter.shell_command_selectors')
106.977  001.134  000.069: require('nvim-treesitter.install')
107.000  000.022  000.022: require('nvim-treesitter.statusline')
107.026  000.025  000.025: require('nvim-treesitter.query_predicates')
107.027  001.337  000.156: require('nvim-treesitter')
107.491  001.846  000.509: sourcing /home/josh/.local/share/nvim/lazy/nvim-treesitter/plugin/nvim-treesitter.lua
107.495  001.857  000.010: sourcing nvim_exec2() called at /home/josh/.config/nvim/init.lua:0
107.499  000.001  000.001: sourcing nvim_exec2() called at /home/josh/.config/nvim/init.lua:0
107.505  000.000  000.000: sourcing nvim_exec2() called at /home/josh/.config/nvim/init.lua:0
109.972  000.003  000.003: sourcing nvim_exec2() called at /home/josh/.config/nvim/init.lua:0
109.980  000.001  000.001: sourcing nvim_exec2() called at /home/josh/.config/nvim/init.lua:0
110.149  000.072  000.072: sourcing /home/linuxbrew/.linuxbrew/Cellar/neovim/0.11.1/share/nvim/runtime/plugin/editorconfig.lua
110.152  000.092  000.021: sourcing nvim_exec2() called at /home/josh/.config/nvim/init.lua:0
110.286  000.118  000.118: sourcing /home/linuxbrew/.linuxbrew/Cellar/neovim/0.11.1/share/nvim/runtime/plugin/gzip.vim
110.288  000.132  000.014: sourcing nvim_exec2() called at /home/josh/.config/nvim/init.lua:0
110.342  000.041  000.041: sourcing /home/linuxbrew/.linuxbrew/Cellar/neovim/0.11.1/share/nvim/runtime/plugin/man.lua
110.344  000.052  000.011: sourcing nvim_exec2() called at /home/josh/.config/nvim/init.lua:0
112.210  000.133  000.133: require('gitsigns.async')
112.609  000.205  000.205: sourcing /home/linuxbrew/.linuxbrew/Cellar/neovim/0.11.1/share/nvim/runtime/pack/dist/opt/matchit/plugin/matchit.vim
112.630  002.275  001.937: sourcing /home/linuxbrew/.linuxbrew/Cellar/neovim/0.11.1/share/nvim/runtime/plugin/matchit.vim
112.635  002.288  000.013: sourcing nvim_exec2() called at /home/josh/.config/nvim/init.lua:0
112.762  000.100  000.100: sourcing /home/linuxbrew/.linuxbrew/Cellar/neovim/0.11.1/share/nvim/runtime/plugin/matchparen.vim
112.764  000.114  000.014: sourcing nvim_exec2() called at /home/josh/.config/nvim/init.lua:0
112.786  000.005  000.005: sourcing /home/linuxbrew/.linuxbrew/Cellar/neovim/0.11.1/share/nvim/runtime/plugin/netrwPlugin.vim
112.787  000.018  000.013: sourcing nvim_exec2() called at /home/josh/.config/nvim/init.lua:0
112.846  000.046  000.046: sourcing /home/linuxbrew/.linuxbrew/Cellar/neovim/0.11.1/share/nvim/runtime/plugin/osc52.lua
112.847  000.057  000.011: sourcing nvim_exec2() called at /home/josh/.config/nvim/init.lua:0
112.969  000.108  000.108: sourcing /home/linuxbrew/.linuxbrew/Cellar/neovim/0.11.1/share/nvim/runtime/plugin/rplugin.vim
112.971  000.120  000.012: sourcing nvim_exec2() called at /home/josh/.config/nvim/init.lua:0
113.237  000.249  000.249: sourcing /home/linuxbrew/.linuxbrew/Cellar/neovim/0.11.1/share/nvim/runtime/plugin/shada.vim
113.241  000.266  000.017: sourcing nvim_exec2() called at /home/josh/.config/nvim/init.lua:0
113.280  000.012  000.012: sourcing /home/linuxbrew/.linuxbrew/Cellar/neovim/0.11.1/share/nvim/runtime/plugin/spellfile.vim
113.282  000.035  000.023: sourcing nvim_exec2() called at /home/josh/.config/nvim/init.lua:0
113.353  000.058  000.058: sourcing /home/linuxbrew/.linuxbrew/Cellar/neovim/0.11.1/share/nvim/runtime/plugin/tarPlugin.vim
113.356  000.072  000.015: sourcing nvim_exec2() called at /home/josh/.config/nvim/init.lua:0
113.423  000.043  000.043: sourcing /home/linuxbrew/.linuxbrew/Cellar/neovim/0.11.1/share/nvim/runtime/plugin/tohtml.lua
113.425  000.057  000.014: sourcing nvim_exec2() called at /home/josh/.config/nvim/init.lua:0
113.449  000.010  000.010: sourcing /home/linuxbrew/.linuxbrew/Cellar/neovim/0.11.1/share/nvim/runtime/plugin/tutor.vim
113.450  000.023  000.012: sourcing nvim_exec2() called at /home/josh/.config/nvim/init.lua:0
113.554  000.092  000.092: sourcing /home/linuxbrew/.linuxbrew/Cellar/neovim/0.11.1/share/nvim/runtime/plugin/zipPlugin.vim
113.556  000.103  000.011: sourcing nvim_exec2() called at /home/josh/.config/nvim/init.lua:0
113.909  000.132  000.132: require('opts')
114.247  000.335  000.335: require('keymaps')
114.363  000.083  000.083: require('telescope.builtin')
114.374  000.125  000.043: require('telescope_conf')
114.377  111.613  074.989: sourcing /home/josh/.config/nvim/init.lua
114.382  000.072: sourcing vimrc file(s)
114.871  000.043  000.043: sourcing /home/linuxbrew/.linuxbrew/Cellar/neovim/0.11.1/share/nvim/runtime/filetype.lua
115.079  000.054  000.054: sourcing /home/linuxbrew/.linuxbrew/Cellar/neovim/0.11.1/share/nvim/runtime/syntax/synload.vim
115.136  000.211  000.158: sourcing /home/linuxbrew/.linuxbrew/Cellar/neovim/0.11.1/share/nvim/runtime/syntax/syntax.vim
115.166  000.529: inits 3
116.423  001.257: reading ShaDa
116.671  000.248: opening buffers
116.768  000.037  000.037: require('bufferline.state')
116.780  000.072: BufEnter autocommands
116.781  000.001: editing files in windows
120.362  003.581: VimEnter autocommands
120.424  000.062: UIEnter autocommands
120.426  000.001: before starting main loop
120.541  000.003  000.003: sourcing nvim_exec2() called at CursorMoved Autocommands for "*":0
120.547  000.001  000.001: sourcing nvim_exec2() called at CursorMoved Autocommands for "*":0
120.826  000.260  000.260: require('scrollEOF')
121.174  000.023  000.023: require('bufferline.pick')
121.203  000.027  000.027: require('bufferline.duplicates')
121.239  000.004  000.004: sourcing nvim_exec2()
121.240  000.037  000.033: require('bufferline.diagnostics')
121.279  000.038  000.038: require('bufferline.models')
121.280  000.168  000.044: require('bufferline.buffers')
121.403  000.085  000.085: require('bufferline.sorters')
121.633  000.202  000.202: require('bufferline.tabpages')
121.741  000.077  000.077: require('bufferline.offset')
121.796  000.051  000.051: require('bufferline.custom_area')
122.012  000.740: first screen update
122.013  000.001: --- NVIM STARTED ---

